<?xml version="1.0" encoding="UTF-8"?>
<!-- Generated by org.testng.reporters.JUnitReportReporter -->
<testsuite skipped="0" hostname="hp" name="qaclick.mavenone.RESTAPITest" tests="2" failures="0" timestamp="2022-03-15T22:09:15 IST" time="0.001" errors="0">
  <testcase name="delAPI" time="0.000" classname="qaclick.mavenone.RESTAPITest"/>
  <system-out/>
  <testcase name="postJira" time="0.001" classname="qaclick.mavenone.RESTAPITest"/>
  <system-out/>
</testsuite> <!-- qaclick.mavenone.RESTAPITest -->
