<?xml version="1.0" encoding="UTF-8"?>
<!-- Generated by org.testng.reporters.JUnitReportReporter -->
<testsuite skipped="0" hostname="hp" name="qaclick.mavenone.AppiumTest" tests="2" failures="0" timestamp="2022-03-15T22:09:15 IST" time="0.009" errors="0">
  <testcase name="appium" time="0.009" classname="qaclick.mavenone.AppiumTest"/>
  <system-out/>
  <testcase name="nonappium" time="0.000" classname="qaclick.mavenone.AppiumTest"/>
  <system-out/>
</testsuite> <!-- qaclick.mavenone.AppiumTest -->
